**********************
Windows PowerShell transcript start
Start time: 20240603153947
Username: AzureAD\HiteshPatel
RunAs User: AzureAD\HiteshPatel
Configuration Name: 
Machine: LAPTOP-79IND81Q (Microsoft Windows NT 10.0.19045.0)
Host Application: C:\Windows\SysWOW64\WindowsPowerShell\v1.0\powershell.exe
Process ID: 76044
PSVersion: 5.1.19041.4412
PSEdition: Desktop
PSCompatibleVersions: 1.0, 2.0, 3.0, 4.0, 5.0, 5.1.19041.4412
BuildVersion: 10.0.19041.4412
CLRVersion: 4.0.30319.42000
WSManStackVersion: 3.0
PSRemotingProtocolVersion: 2.3
SerializationVersion: 1.1.0.1
**********************
Transcript started, output file is Hitesh.log
PS C:\temp\GIt\QA-Training\powershell-thinkwright> Stop-Transcript
**********************
Windows PowerShell transcript end
End time: 20240603154005
**********************
