**********************
Windows PowerShell transcript start
Start time: 20240605142118
Username: THINKWRIGHT\user12
RunAs User: THINKWRIGHT\user12
Configuration Name: 
Machine: DESKTOP-12 (Microsoft Windows NT 10.0.19045.0)
Host Application: C:\Windows\System32\WindowsPowerShell\v1.0\powershell.exe
Process ID: 10264
PSVersion: 5.1.19041.4412
PSEdition: Desktop
PSCompatibleVersions: 1.0, 2.0, 3.0, 4.0, 5.0, 5.1.19041.4412
BuildVersion: 10.0.19041.4412
CLRVersion: 4.0.30319.42000
WSManStackVersion: 3.0
PSRemotingProtocolVersion: 2.3
SerializationVersion: 1.1.0.1
**********************
Transcript started, output file is Logs_05062024.log
PS C:\users\user12\Powershell-thinkwright> git status
On branch Joseph-branch
Your branch is up to date with 'origin/Joseph-branch'.

Untracked files:
  (use "git add <file>..." to include in what will be committed)
        Logs_05062024.log

nothing added to commit but untracked files present (use "git add" to track)
PS C:\users\user12\Powershell-thinkwright> (Get-Date).TimeOfDay


Days              : 0
Hours             : 14
Minutes           : 23
Seconds           : 41
Milliseconds      : 846
Ticks             : 518218466425
TotalDays         : 0.599789891695602
TotalHours        : 14.3949574006944
TotalMinutes      : 863.697444041667
TotalSeconds      : 51821.8466425
TotalMilliseconds : 51821846.6425



PS C:\users\user12\Powershell-thinkwright> $MyFile = (Get-Date).TimeOfDay.ToString().Replace(':','-').Replace('.','-')
PS C:\users\user12\Powershell-thinkwright> $MyFile
14-24-48-5019885
PS C:\users\user12\Powershell-thinkwright> $MyFile = “JosephAssessment1{1}{0}.log” -f $MyFile, ‘-’
PS C:\users\user12\Powershell-thinkwright> $MyFile
JosephAssessment1-14-24-48-5019885.log
PS C:\users\user12\Powershell-thinkwright> $env:USERPROFILE
C:\Users\user12
PS C:\users\user12\Powershell-thinkwright> $MyFile = Join-Path $env:USERPROFILE -ChildPath $MyFile
PS C:\users\user12\Powershell-thinkwright> $MyFile
C:\Users\user12\JosephAssessment1-14-24-48-5019885.log
PS C:\users\user12\Powershell-thinkwright> Stop-Transcript
**********************
Windows PowerShell transcript end
End time: 20240605143118
**********************
