**********************
Windows PowerShell transcript start
Start time: 20240603141847
Username: SURESHNANJAN\nanja
RunAs User: SURESHNANJAN\nanja
Configuration Name: 
Machine: SURESHNANJAN (Microsoft Windows NT 10.0.22631.0)
Host Application: C:\Windows\System32\WindowsPowerShell\v1.0\powershell.exe
Process ID: 46428
PSVersion: 5.1.22621.2506
PSEdition: Desktop
PSCompatibleVersions: 1.0, 2.0, 3.0, 4.0, 5.0, 5.1.22621.2506
BuildVersion: 10.0.22621.2506
CLRVersion: 4.0.30319.42000
WSManStackVersion: 3.0
PSRemotingProtocolVersion: 2.3
SerializationVersion: 1.1.0.1
**********************
Transcript started, output file is suresh.log
PS C:\Trainings-2021\Vendors\ThinkWright\powershell-thinkwright> git checkout -b suresh-trainer

PS C:\Trainings-2021\Vendors\ThinkWright\powershell-thinkwright> dir


    Directory: C:\Trainings-2021\Vendors\ThinkWright\powershell-thinkwright


Mode                 LastWriteTime         Length Name
----                 -------------         ------ ----
-a----        03-06-2024     14:16             56 README.md
-a----        03-06-2024     14:18              0 suresh.log


PS C:\Trainings-2021\Vendors\ThinkWright\powershell-thinkwright> git status

PS C:\Trainings-2021\Vendors\ThinkWright\powershell-thinkwright> git add .

PS C:\Trainings-2021\Vendors\ThinkWright\powershell-thinkwright> git status

PS C:\Trainings-2021\Vendors\ThinkWright\powershell-thinkwright> Stop-Transcript
**********************
Windows PowerShell transcript end
End time: 20240603142204
**********************
